#
# A fatal error has been detected by the Java Runtime Environment:
#
#  EXCEPTION_ACCESS_VIOLATION (0xc0000005) at pc=0x00007ffc9c6cb977, pid=20408, tid=14572
#
# JRE version: Java(TM) SE Runtime Environment (14.0.1+7) (build 14.0.1+7)
# Java VM: Java HotSpot(TM) 64-Bit Server VM (14.0.1+7, mixed mode, sharing, tiered, compressed oops, g1 gc, windows-amd64)
# Problematic frame:
# V  [jvm.dll+0x37b977]
#
# No core dump will be written. Minidumps are not enabled by default on client versions of Windows
#
# If you would like to submit a bug report, please visit:
#   https://bugreport.java.com/bugreport/crash.jsp
# The crash happened outside the Java Virtual Machine in native code.
# See problematic frame for where to report the bug.
#

---------------  S U M M A R Y ------------

Command Line: com.calebjkeller.pathify.App

Host: Intel(R) Core(TM) i7-2760QM CPU @ 2.40GHz, 8 cores, 11G,  Windows 10 , 64 bit Build 18362 (10.0.18362.900)
Time: Tue Jul  7 21:24:32 2020 Eastern Daylight Time elapsed time: 115 seconds (0d 0h 1m 55s)

---------------  T H R E A D  ---------------

Current thread (0x0000020226c06800):  JavaThread "Finalizer" daemon [_thread_in_native, id=14572, stack(0x0000002c00800000,0x0000002c00900000)]

Stack: [0x0000002c00800000,0x0000002c00900000],  sp=0x0000002c008fee80,  free space=1019k
Native frames: (J=compiled Java code, j=interpreted, Vv=VM code, C=native code)
V  [jvm.dll+0x37b977]
C  [jniortools.dll+0x54185]

Java frames: (J=compiled Java code, j=interpreted, Vv=VM code)
j  com.google.ortools.constraintsolver.mainJNI.delete_RoutingModel(J)V+0
j  com.google.ortools.constraintsolver.RoutingModel.delete()V+25
j  com.google.ortools.constraintsolver.RoutingModel.finalize()V+1
j  java.lang.System$2.invokeFinalize(Ljava/lang/Object;)V+1 java.base@14.0.1
j  java.lang.ref.Finalizer.runFinalizer(Ljdk/internal/access/JavaLangAccess;)V+101 java.base@14.0.1
j  java.lang.ref.Finalizer$FinalizerThread.run()V+46 java.base@14.0.1
v  ~StubRoutines::call_stub

siginfo: EXCEPTION_ACCESS_VIOLATION (0xc0000005), writing address 0x0000000000000380


Register to memory mapping:

RIP=0x00007ffc9c6cb977 jvm.dll
RAX=0x000000000000dead is an unknown value
RBX=0x0 is NULL
RCX=0x00000202272fa800 points into unknown readable memory: 40 a7 bf 9c fc 7f 00 00
RDX=0x0000020227316fc8 is a global jni handle
RSP=0x0000002c008fee80 is pointing into the stack for thread: 0x0000020226c06800
RBP=0x0000020227316fc8 is a global jni handle
RSI=0x0000020226f73301 points into unknown readable memory: 0f 93 27 02 02 00 00
RDI=0x00000202272fa800 points into unknown readable memory: 40 a7 bf 9c fc 7f 00 00
R8 =0x0000000000000004 is an unknown value
R9 =0x0000000000000001 is an unknown value
R10=0x0000000000008000 is an unknown value
R11=0x0000002c008feea0 is pointing into the stack for thread: 0x0000020226c06800
R12=0x0 is NULL
R13=0x00007ffc99bdc820 jniortools.dll
R14=0x0 is NULL
R15=0x0 is NULL


Registers:
RAX=0x000000000000dead, RBX=0x0000000000000000, RCX=0x00000202272fa800, RDX=0x0000020227316fc8
RSP=0x0000002c008fee80, RBP=0x0000020227316fc8, RSI=0x0000020226f73301, RDI=0x00000202272fa800
R8 =0x0000000000000004, R9 =0x0000000000000001, R10=0x0000000000008000, R11=0x0000002c008feea0
R12=0x0000000000000000, R13=0x00007ffc99bdc820, R14=0x0000000000000000, R15=0x0000000000000000
RIP=0x00007ffc9c6cb977, EFLAGS=0x0000000000010202

Top of Stack: (sp=0x0000002c008fee80)
0x0000002c008fee80:   000002022ee214e0 0000000000000000
0x0000002c008fee90:   00000202279bd810 00007ffd148bfb91
0x0000002c008feea0:   00000000ffffffff 00007ffc98dc4185
0x0000002c008feeb0:   0000020227606fc0 0000000000000000
0x0000002c008feec0:   0000020226f733a0 00007ffd148bfb91
0x0000002c008feed0:   0000000000000000 00007ffc98dc272d
0x0000002c008feee0:   0000002c008ff040 0000000000000000
0x0000002c008feef0:   0000000000000000 0000002c008ff0b0
0x0000002c008fef00:   0000020226f73420 00007ffc990aed55
0x0000002c008fef10:   0000020226f733a0 0000000000000000
0x0000002c008fef20:   000002022bcf00d0 0000000000000001
0x0000002c008fef30:   00007ffc99bdc820 00007ffc990b102c
0x0000002c008fef40:   0000002c008ff040 000002022bcef880
0x0000002c008fef50:   0000000000000000 000002023014ebd8
0x0000002c008fef60:   00007ffc99bdc820 0000000000000000
0x0000002c008fef70:   0000000000000000 00007ffc99bdc820 

Instructions: (pc=0x00007ffc9c6cb977)
0x00007ffc9c6cb877:   45 09 d3 ff 48 8b f8 eb 04 48 89 46 18 48 89 2f
0x00007ffc9c6cb887:   33 d2 48 8b cf e8 0f 65 03 00 48 83 7c 24 28 00
0x00007ffc9c6cb897:   48 8b f0 74 0a 48 8d 4c 24 20 e8 0a 73 2a 00 48
0x00007ffc9c6cb8a7:   8b bb f8 00 00 00 48 8b 4f 10 48 83 39 00 74 0c
0x00007ffc9c6cb8b7:   48 8b cf e8 a1 7d f8 ff 48 8b 4f 10 48 8b 47 08
0x00007ffc9c6cb8c7:   48 89 48 10 48 8b 4f 08 48 8b 47 18 48 89 41 18
0x00007ffc9c6cb8d7:   48 8b 4f 08 48 8b 47 20 48 89 41 20 c7 83 80 03
0x00007ffc9c6cb8e7:   00 00 07 00 00 00 e8 ae e7 26 00 48 8b 83 10 01
0x00007ffc9c6cb8f7:   00 00 c0 e8 03 a8 01 74 08 48 8b cb e8 c8 e5 2d
0x00007ffc9c6cb907:   00 48 8b 6c 24 58 48 8b c6 48 8b 74 24 60 48 8b
0x00007ffc9c6cb917:   7c 24 68 c7 83 80 03 00 00 04 00 00 00 48 8b 5c
0x00007ffc9c6cb927:   24 50 48 83 c4 40 41 5e c3 48 89 5c 24 08 48 89
0x00007ffc9c6cb937:   6c 24 10 48 89 74 24 18 57 48 83 ec 20 8b 81 88
0x00007ffc9c6cb947:   00 00 00 48 8d b9 f0 fc ff ff 05 55 21 ff ff 48
0x00007ffc9c6cb957:   8b ea 83 f8 01 76 0d 48 8b cf 40 b6 01 e8 77 3e
0x00007ffc9c6cb967:   38 00 eb 03 40 32 f6 33 db 40 84 f6 48 0f 44 df
0x00007ffc9c6cb977:   c7 83 80 03 00 00 05 00 00 00 e8 1a e7 26 00 48
0x00007ffc9c6cb987:   8b 03 48 8b cb ff 50 38 84 c0 74 0e 48 8b 83 10
0x00007ffc9c6cb997:   01 00 00 c0 e8 03 24 01 eb 0b 8b 05 d9 ee 6d 00
0x00007ffc9c6cb9a7:   85 c0 0f 95 c0 84 c0 75 0d 8b 83 e0 00 00 00 a9
0x00007ffc9c6cb9b7:   04 00 00 20 74 08 48 8b cb e8 bb 44 38 00 48 8b
0x00007ffc9c6cb9c7:   cd c7 83 80 03 00 00 06 00 00 00 e8 99 5f 03 00
0x00007ffc9c6cb9d7:   48 8b bb f8 00 00 00 48 8b 4f 10 48 83 39 00 74
0x00007ffc9c6cb9e7:   0c 48 8b cf e8 70 7c f8 ff 48 8b 4f 10 48 8b 47
0x00007ffc9c6cb9f7:   08 48 89 48 10 48 8b 4f 08 48 8b 47 18 48 89 41
0x00007ffc9c6cba07:   18 48 8b 4f 08 48 8b 47 20 48 89 41 20 c7 83 80
0x00007ffc9c6cba17:   03 00 00 07 00 00 00 e8 7d e6 26 00 48 8b 83 10
0x00007ffc9c6cba27:   01 00 00 c0 e8 03 a8 01 74 08 48 8b cb e8 97 e4
0x00007ffc9c6cba37:   2d 00 48 8b 6c 24 38 48 8b 74 24 40 c7 83 80 03
0x00007ffc9c6cba47:   00 00 04 00 00 00 48 8b 5c 24 30 48 83 c4 20 5f
0x00007ffc9c6cba57:   c3 cc cc cc cc cc cc cc cc 48 89 5c 24 08 48 89
0x00007ffc9c6cba67:   6c 24 10 48 89 74 24 18 57 48 83 ec 20 8b 81 88 


Stack slot to memory mapping:
stack at sp + 0 slots: {method} {0x000002022ee214e8} 'delete_RoutingModel' '(J)V' in 'com/google/ortools/constraintsolver/mainJNI'
stack at sp + 1 slots: 0x0 is NULL
stack at sp + 2 slots: 0x00000202279bd810 points into unknown readable memory: 20 cf 1c 2b 02 02 00 00
stack at sp + 3 slots: 0x00007ffd148bfb91 ntdll.dll
stack at sp + 4 slots: 0x00000000ffffffff is an unknown value
stack at sp + 5 slots: 0x00007ffc98dc4185 jniortools.dll
stack at sp + 6 slots: 0x0000020227606fc0 points into unknown readable memory: f0 3c be 99 fc 7f 00 00
stack at sp + 7 slots: 0x0 is NULL


---------------  P R O C E S S  ---------------

Threads class SMR info:
_java_thread_list=0x000002022af7bbc0, length=15, elements={
0x0000020226c05800, 0x0000020226c06800, 0x0000020226c21000, 0x0000020226c24000,
0x0000020226c26800, 0x0000020226c28800, 0x0000020226c2d000, 0x0000020226c3a000,
0x0000020226d6a000, 0x0000020226d7a800, 0x0000020227230800, 0x0000020202cc3800,
0x00000202276c3000, 0x0000020226eb7000, 0x0000020226eb9000
}

Java Threads: ( => current thread )
  0x0000020226c05800 JavaThread "Reference Handler" daemon [_thread_blocked, id=23280, stack(0x0000002c00700000,0x0000002c00800000)]
=>0x0000020226c06800 JavaThread "Finalizer" daemon [_thread_in_native, id=14572, stack(0x0000002c00800000,0x0000002c00900000)]
  0x0000020226c21000 JavaThread "Signal Dispatcher" daemon [_thread_blocked, id=3656, stack(0x0000002c00900000,0x0000002c00a00000)]
  0x0000020226c24000 JavaThread "Attach Listener" daemon [_thread_blocked, id=18160, stack(0x0000002c00a00000,0x0000002c00b00000)]
  0x0000020226c26800 JavaThread "Service Thread" daemon [_thread_blocked, id=9936, stack(0x0000002c00b00000,0x0000002c00c00000)]
  0x0000020226c28800 JavaThread "C2 CompilerThread0" daemon [_thread_blocked, id=9496, stack(0x0000002c00c00000,0x0000002c00d00000)]
  0x0000020226c2d000 JavaThread "C1 CompilerThread0" daemon [_thread_blocked, id=21044, stack(0x0000002c00d00000,0x0000002c00e00000)]
  0x0000020226c3a000 JavaThread "Sweeper thread" daemon [_thread_blocked, id=19940, stack(0x0000002c00e00000,0x0000002c00f00000)]
  0x0000020226d6a000 JavaThread "Notification Thread" daemon [_thread_blocked, id=8740, stack(0x0000002c00f00000,0x0000002c01000000)]
  0x0000020226d7a800 JavaThread "Common-Cleaner" daemon [_thread_blocked, id=23468, stack(0x0000002c01100000,0x0000002c01200000)]
  0x0000020227230800 JavaThread "Java2D Disposer" daemon [_thread_blocked, id=20496, stack(0x0000002c01200000,0x0000002c01300000)]
  0x0000020202cc3800 JavaThread "DestroyJavaVM" [_thread_blocked, id=6244, stack(0x0000002c00000000,0x0000002c00100000)]
  0x00000202276c3000 JavaThread "TimerQueue" daemon [_thread_blocked, id=14868, stack(0x0000002c01600000,0x0000002c01700000)]
  0x0000020226eb7000 JavaThread "ToolkitShutdown" daemon [_thread_in_native, id=15252, stack(0x0000002c03200000,0x0000002c03300000)]
  0x0000020226eb9000 JavaThread "AWT-Shutdown" [_thread_blocked, id=15564, stack(0x0000002c01300000,0x0000002c01400000)]

Other Threads:
  0x0000020226c01800 VMThread "VM Thread" [stack: 0x0000002c00600000,0x0000002c00700000] [id=21648]
  0x0000020226d71800 WatcherThread [stack: 0x0000002c01000000,0x0000002c01100000] [id=12408]
  0x0000020202d18800 GCTaskThread "GC Thread#0" [stack: 0x0000002c00100000,0x0000002c00200000] [id=23460]
  0x000002022f6e1000 GCTaskThread "GC Thread#1" [stack: 0x0000002c02800000,0x0000002c02900000] [id=14996]
  0x000002022b3f7800 GCTaskThread "GC Thread#2" [stack: 0x0000002c02900000,0x0000002c02a00000] [id=7848]
  0x000002022f8eb800 GCTaskThread "GC Thread#3" [stack: 0x0000002c02a00000,0x0000002c02b00000] [id=18528]
  0x000002022b686800 GCTaskThread "GC Thread#4" [stack: 0x0000002c02b00000,0x0000002c02c00000] [id=480]
  0x000002022760b800 GCTaskThread "GC Thread#5" [stack: 0x0000002c02c00000,0x0000002c02d00000] [id=20952]
  0x0000020202d33800 ConcurrentGCThread "G1 Main Marker" [stack: 0x0000002c00200000,0x0000002c00300000] [id=23456]
  0x0000020202d35000 ConcurrentGCThread "G1 Conc#0" [stack: 0x0000002c00300000,0x0000002c00400000] [id=19004]
  0x000002022626f800 ConcurrentGCThread "G1 Refine#0" [stack: 0x0000002c00400000,0x0000002c00500000] [id=4320]
  0x000002022b7ec800 ConcurrentGCThread "G1 Refine#1" [stack: 0x0000002c02d00000,0x0000002c02e00000] [id=15288]
  0x000002022f59f000 ConcurrentGCThread "G1 Refine#2" [stack: 0x0000002c02e00000,0x0000002c02f00000] [id=8000]
  0x0000020226270800 ConcurrentGCThread "G1 Young RemSet Sampling" [stack: 0x0000002c00500000,0x0000002c00600000] [id=1680]

Threads with active compile tasks:

VM state:not at safepoint (normal execution)

VM Mutex/Monitor currently owned by a thread: None

Heap address: 0x0000000740c00000, size: 3060 MB, Compressed Oops mode: Zero based, Oop shift amount: 3
Narrow klass base: 0x0000000800000000, Narrow klass shift: 3
Compressed class space size: 1073741824 Address: 0x0000000800b30000

Heap:
 garbage-first heap   total 196608K, used 6325K [0x0000000740c00000, 0x0000000800000000)
  region size 1024K, 3 young (3072K), 1 survivors (1024K)
 Metaspace       used 18664K, capacity 18985K, committed 19200K, reserved 1067008K
  class space    used 2047K, capacity 2185K, committed 2304K, reserved 1048576K
Heap Regions: E=young(eden), S=young(survivor), O=old, HS=humongous(starts), HC=humongous(continues), CS=collection set, F=free, OA=open archive, CA=closed archive, TAMS=top-at-mark-start (previous, next)
|   0|0x0000000740c00000, 0x0000000740d00000, 0x0000000740d00000|100%| O|  |TAMS 0x0000000740c00000, 0x0000000740c00000| Untracked 
|   1|0x0000000740d00000, 0x0000000740e00000, 0x0000000740e00000|100%| O|  |TAMS 0x0000000740d00000, 0x0000000740d00000| Untracked 
|   2|0x0000000740e00000, 0x0000000740f00000, 0x0000000740f00000|100%| O|  |TAMS 0x0000000740e00000, 0x0000000740e00000| Untracked 
|   3|0x0000000740f00000, 0x0000000741000000, 0x0000000741000000|100%| O|  |TAMS 0x0000000740f00000, 0x0000000740f00000| Untracked 
|   4|0x0000000741000000, 0x000000074109d200, 0x0000000741100000| 61%| O|  |TAMS 0x0000000741000000, 0x0000000741000000| Untracked 
|   5|0x0000000741100000, 0x0000000741100000, 0x0000000741200000|  0%| F|  |TAMS 0x0000000741100000, 0x0000000741100000| Untracked 
|   6|0x0000000741200000, 0x0000000741200000, 0x0000000741300000|  0%| F|  |TAMS 0x0000000741200000, 0x0000000741200000| Untracked 
|   7|0x0000000741300000, 0x0000000741300000, 0x0000000741400000|  0%| F|  |TAMS 0x0000000741300000, 0x0000000741300000| Untracked 
|   8|0x0000000741400000, 0x0000000741400000, 0x0000000741500000|  0%| F|  |TAMS 0x0000000741400000, 0x0000000741400000| Untracked 
|   9|0x0000000741500000, 0x0000000741500000, 0x0000000741600000|  0%| F|  |TAMS 0x0000000741500000, 0x0000000741500000| Untracked 
|  10|0x0000000741600000, 0x0000000741600000, 0x0000000741700000|  0%| F|  |TAMS 0x0000000741600000, 0x0000000741600000| Untracked 
|  11|0x0000000741700000, 0x0000000741700000, 0x0000000741800000|  0%| F|  |TAMS 0x0000000741700000, 0x0000000741700000| Untracked 
|  12|0x0000000741800000, 0x0000000741800000, 0x0000000741900000|  0%| F|  |TAMS 0x0000000741800000, 0x0000000741800000| Untracked 
|  13|0x0000000741900000, 0x0000000741900000, 0x0000000741a00000|  0%| F|  |TAMS 0x0000000741900000, 0x0000000741900000| Untracked 
|  14|0x0000000741a00000, 0x0000000741a00000, 0x0000000741b00000|  0%| F|  |TAMS 0x0000000741a00000, 0x0000000741a00000| Untracked 
|  15|0x0000000741b00000, 0x0000000741b00000, 0x0000000741c00000|  0%| F|  |TAMS 0x0000000741b00000, 0x0000000741b00000| Untracked 
|  16|0x0000000741c00000, 0x0000000741c00000, 0x0000000741d00000|  0%| F|  |TAMS 0x0000000741c00000, 0x0000000741c00000| Untracked 
|  17|0x0000000741d00000, 0x0000000741d00000, 0x0000000741e00000|  0%| F|  |TAMS 0x0000000741d00000, 0x0000000741d00000| Untracked 
|  18|0x0000000741e00000, 0x0000000741e00000, 0x0000000741f00000|  0%| F|  |TAMS 0x0000000741e00000, 0x0000000741e00000| Untracked 
|  19|0x0000000741f00000, 0x0000000741f00000, 0x0000000742000000|  0%| F|  |TAMS 0x0000000741f00000, 0x0000000741f00000| Untracked 
|  20|0x0000000742000000, 0x0000000742000000, 0x0000000742100000|  0%| F|  |TAMS 0x0000000742000000, 0x0000000742000000| Untracked 
|  21|0x0000000742100000, 0x0000000742100000, 0x0000000742200000|  0%| F|  |TAMS 0x0000000742100000, 0x0000000742100000| Untracked 
|  22|0x0000000742200000, 0x0000000742200000, 0x0000000742300000|  0%| F|  |TAMS 0x0000000742200000, 0x0000000742200000| Untracked 
|  23|0x0000000742300000, 0x0000000742300000, 0x0000000742400000|  0%| F|  |TAMS 0x0000000742300000, 0x0000000742300000| Untracked 
|  24|0x0000000742400000, 0x0000000742400000, 0x0000000742500000|  0%| F|  |TAMS 0x0000000742400000, 0x0000000742400000| Untracked 
|  25|0x0000000742500000, 0x0000000742500000, 0x0000000742600000|  0%| F|  |TAMS 0x0000000742500000, 0x0000000742500000| Untracked 
|  26|0x0000000742600000, 0x0000000742600000, 0x0000000742700000|  0%| F|  |TAMS 0x0000000742600000, 0x0000000742600000| Untracked 
|  27|0x0000000742700000, 0x0000000742700000, 0x0000000742800000|  0%| F|  |TAMS 0x0000000742700000, 0x0000000742700000| Untracked 
|  28|0x0000000742800000, 0x0000000742800000, 0x0000000742900000|  0%| F|  |TAMS 0x0000000742800000, 0x0000000742800000| Untracked 
|  29|0x0000000742900000, 0x0000000742900000, 0x0000000742a00000|  0%| F|  |TAMS 0x0000000742900000, 0x0000000742900000| Untracked 
|  30|0x0000000742a00000, 0x0000000742a00000, 0x0000000742b00000|  0%| F|  |TAMS 0x0000000742a00000, 0x0000000742a00000| Untracked 
|  31|0x0000000742b00000, 0x0000000742b00000, 0x0000000742c00000|  0%| F|  |TAMS 0x0000000742b00000, 0x0000000742b00000| Untracked 
|  32|0x0000000742c00000, 0x0000000742c00000, 0x0000000742d00000|  0%| F|  |TAMS 0x0000000742c00000, 0x0000000742c00000| Untracked 
|  33|0x0000000742d00000, 0x0000000742d00000, 0x0000000742e00000|  0%| F|  |TAMS 0x0000000742d00000, 0x0000000742d00000| Untracked 
|  34|0x0000000742e00000, 0x0000000742e00000, 0x0000000742f00000|  0%| F|  |TAMS 0x0000000742e00000, 0x0000000742e00000| Untracked 
|  35|0x0000000742f00000, 0x0000000742f00000, 0x0000000743000000|  0%| F|  |TAMS 0x0000000742f00000, 0x0000000742f00000| Untracked 
|  36|0x0000000743000000, 0x0000000743000000, 0x0000000743100000|  0%| F|  |TAMS 0x0000000743000000, 0x0000000743000000| Untracked 
|  37|0x0000000743100000, 0x0000000743100000, 0x0000000743200000|  0%| F|  |TAMS 0x0000000743100000, 0x0000000743100000| Untracked 
|  38|0x0000000743200000, 0x0000000743200000, 0x0000000743300000|  0%| F|  |TAMS 0x0000000743200000, 0x0000000743200000| Untracked 
|  39|0x0000000743300000, 0x0000000743300000, 0x0000000743400000|  0%| F|  |TAMS 0x0000000743300000, 0x0000000743300000| Untracked 
|  40|0x0000000743400000, 0x0000000743400000, 0x0000000743500000|  0%| F|  |TAMS 0x0000000743400000, 0x0000000743400000| Untracked 
|  41|0x0000000743500000, 0x0000000743500000, 0x0000000743600000|  0%| F|  |TAMS 0x0000000743500000, 0x0000000743500000| Untracked 
|  42|0x0000000743600000, 0x0000000743600000, 0x0000000743700000|  0%| F|  |TAMS 0x0000000743600000, 0x0000000743600000| Untracked 
|  43|0x0000000743700000, 0x0000000743700000, 0x0000000743800000|  0%| F|  |TAMS 0x0000000743700000, 0x0000000743700000| Untracked 
|  44|0x0000000743800000, 0x0000000743800000, 0x0000000743900000|  0%| F|  |TAMS 0x0000000743800000, 0x0000000743800000| Untracked 
|  45|0x0000000743900000, 0x0000000743900000, 0x0000000743a00000|  0%| F|  |TAMS 0x0000000743900000, 0x0000000743900000| Untracked 
|  46|0x0000000743a00000, 0x0000000743a00000, 0x0000000743b00000|  0%| F|  |TAMS 0x0000000743a00000, 0x0000000743a00000| Untracked 
|  47|0x0000000743b00000, 0x0000000743b00000, 0x0000000743c00000|  0%| F|  |TAMS 0x0000000743b00000, 0x0000000743b00000| Untracked 
|  48|0x0000000743c00000, 0x0000000743c00000, 0x0000000743d00000|  0%| F|  |TAMS 0x0000000743c00000, 0x0000000743c00000| Untracked 
|  49|0x0000000743d00000, 0x0000000743d00000, 0x0000000743e00000|  0%| F|  |TAMS 0x0000000743d00000, 0x0000000743d00000| Untracked 
|  50|0x0000000743e00000, 0x0000000743e00000, 0x0000000743f00000|  0%| F|  |TAMS 0x0000000743e00000, 0x0000000743e00000| Untracked 
|  51|0x0000000743f00000, 0x0000000743f00000, 0x0000000744000000|  0%| F|  |TAMS 0x0000000743f00000, 0x0000000743f00000| Untracked 
|  52|0x0000000744000000, 0x0000000744000000, 0x0000000744100000|  0%| F|  |TAMS 0x0000000744000000, 0x0000000744000000| Untracked 
|  53|0x0000000744100000, 0x0000000744100000, 0x0000000744200000|  0%| F|  |TAMS 0x0000000744100000, 0x0000000744100000| Untracked 
|  54|0x0000000744200000, 0x0000000744200000, 0x0000000744300000|  0%| F|  |TAMS 0x0000000744200000, 0x0000000744200000| Untracked 
|  55|0x0000000744300000, 0x0000000744300000, 0x0000000744400000|  0%| F|  |TAMS 0x0000000744300000, 0x0000000744300000| Untracked 
|  56|0x0000000744400000, 0x0000000744400000, 0x0000000744500000|  0%| F|  |TAMS 0x0000000744400000, 0x0000000744400000| Untracked 
|  57|0x0000000744500000, 0x0000000744500000, 0x0000000744600000|  0%| F|  |TAMS 0x0000000744500000, 0x0000000744500000| Untracked 
|  58|0x0000000744600000, 0x0000000744600000, 0x0000000744700000|  0%| F|  |TAMS 0x0000000744600000, 0x0000000744600000| Untracked 
|  59|0x0000000744700000, 0x0000000744700000, 0x0000000744800000|  0%| F|  |TAMS 0x0000000744700000, 0x0000000744700000| Untracked 
|  60|0x0000000744800000, 0x0000000744800000, 0x0000000744900000|  0%| F|  |TAMS 0x0000000744800000, 0x0000000744800000| Untracked 
|  61|0x0000000744900000, 0x0000000744900000, 0x0000000744a00000|  0%| F|  |TAMS 0x0000000744900000, 0x0000000744900000| Untracked 
|  62|0x0000000744a00000, 0x0000000744a00000, 0x0000000744b00000|  0%| F|  |TAMS 0x0000000744a00000, 0x0000000744a00000| Untracked 
|  63|0x0000000744b00000, 0x0000000744b00000, 0x0000000744c00000|  0%| F|  |TAMS 0x0000000744b00000, 0x0000000744b00000| Untracked 
|  64|0x0000000744c00000, 0x0000000744c00000, 0x0000000744d00000|  0%| F|  |TAMS 0x0000000744c00000, 0x0000000744c00000| Untracked 
|  65|0x0000000744d00000, 0x0000000744d00000, 0x0000000744e00000|  0%| F|  |TAMS 0x0000000744d00000, 0x0000000744d00000| Untracked 
|  66|0x0000000744e00000, 0x0000000744e00000, 0x0000000744f00000|  0%| F|  |TAMS 0x0000000744e00000, 0x0000000744e00000| Untracked 
|  67|0x0000000744f00000, 0x0000000744f00000, 0x0000000745000000|  0%| F|  |TAMS 0x0000000744f00000, 0x0000000744f00000| Untracked 
|  68|0x0000000745000000, 0x0000000745000000, 0x0000000745100000|  0%| F|  |TAMS 0x0000000745000000, 0x0000000745000000| Untracked 
|  69|0x0000000745100000, 0x0000000745100000, 0x0000000745200000|  0%| F|  |TAMS 0x0000000745100000, 0x0000000745100000| Untracked 
|  70|0x0000000745200000, 0x0000000745200000, 0x0000000745300000|  0%| F|  |TAMS 0x0000000745200000, 0x0000000745200000| Untracked 
|  71|0x0000000745300000, 0x0000000745300000, 0x0000000745400000|  0%| F|  |TAMS 0x0000000745300000, 0x0000000745300000| Untracked 
|  72|0x0000000745400000, 0x0000000745400000, 0x0000000745500000|  0%| F|  |TAMS 0x0000000745400000, 0x0000000745400000| Untracked 
|  73|0x0000000745500000, 0x0000000745500000, 0x0000000745600000|  0%| F|  |TAMS 0x0000000745500000, 0x0000000745500000| Untracked 
|  74|0x0000000745600000, 0x0000000745600000, 0x0000000745700000|  0%| F|  |TAMS 0x0000000745600000, 0x0000000745600000| Untracked 
|  75|0x0000000745700000, 0x0000000745700000, 0x0000000745800000|  0%| F|  |TAMS 0x0000000745700000, 0x0000000745700000| Untracked 
|  76|0x0000000745800000, 0x0000000745800000, 0x0000000745900000|  0%| F|  |TAMS 0x0000000745800000, 0x0000000745800000| Untracked 
|  77|0x0000000745900000, 0x0000000745900000, 0x0000000745a00000|  0%| F|  |TAMS 0x0000000745900000, 0x0000000745900000| Untracked 
|  78|0x0000000745a00000, 0x0000000745a00000, 0x0000000745b00000|  0%| F|  |TAMS 0x0000000745a00000, 0x0000000745a00000| Untracked 
|  79|0x0000000745b00000, 0x0000000745b00000, 0x0000000745c00000|  0%| F|  |TAMS 0x0000000745b00000, 0x0000000745b00000| Untracked 
|  80|0x0000000745c00000, 0x0000000745c00000, 0x0000000745d00000|  0%| F|  |TAMS 0x0000000745c00000, 0x0000000745c00000| Untracked 
|  81|0x0000000745d00000, 0x0000000745d00000, 0x0000000745e00000|  0%| F|  |TAMS 0x0000000745d00000, 0x0000000745d00000| Untracked 
|  82|0x0000000745e00000, 0x0000000745e00000, 0x0000000745f00000|  0%| F|  |TAMS 0x0000000745e00000, 0x0000000745e00000| Untracked 
|  83|0x0000000745f00000, 0x0000000745f00000, 0x0000000746000000|  0%| F|  |TAMS 0x0000000745f00000, 0x0000000745f00000| Untracked 
|  84|0x0000000746000000, 0x0000000746000000, 0x0000000746100000|  0%| F|  |TAMS 0x0000000746000000, 0x0000000746000000| Untracked 
|  85|0x0000000746100000, 0x0000000746100000, 0x0000000746200000|  0%| F|  |TAMS 0x0000000746100000, 0x0000000746100000| Untracked 
|  86|0x0000000746200000, 0x0000000746200000, 0x0000000746300000|  0%| F|  |TAMS 0x0000000746200000, 0x0000000746200000| Untracked 
|  87|0x0000000746300000, 0x0000000746300000, 0x0000000746400000|  0%| F|  |TAMS 0x0000000746300000, 0x0000000746300000| Untracked 
|  88|0x0000000746400000, 0x0000000746400000, 0x0000000746500000|  0%| F|  |TAMS 0x0000000746400000, 0x0000000746400000| Untracked 
|  89|0x0000000746500000, 0x0000000746500000, 0x0000000746600000|  0%| F|  |TAMS 0x0000000746500000, 0x0000000746500000| Untracked 
|  90|0x0000000746600000, 0x0000000746600000, 0x0000000746700000|  0%| F|  |TAMS 0x0000000746600000, 0x0000000746600000| Untracked 
|  91|0x0000000746700000, 0x0000000746700000, 0x0000000746800000|  0%| F|  |TAMS 0x0000000746700000, 0x0000000746700000| Untracked 
|  92|0x0000000746800000, 0x0000000746800000, 0x0000000746900000|  0%| F|  |TAMS 0x0000000746800000, 0x0000000746800000| Untracked 
|  93|0x0000000746900000, 0x0000000746900000, 0x0000000746a00000|  0%| F|  |TAMS 0x0000000746900000, 0x0000000746900000| Untracked 
|  94|0x0000000746a00000, 0x0000000746a00000, 0x0000000746b00000|  0%| F|  |TAMS 0x0000000746a00000, 0x0000000746a00000| Untracked 
|  95|0x0000000746b00000, 0x0000000746b00000, 0x0000000746c00000|  0%| F|  |TAMS 0x0000000746b00000, 0x0000000746b00000| Untracked 
|  96|0x0000000746c00000, 0x0000000746c00000, 0x0000000746d00000|  0%| F|  |TAMS 0x0000000746c00000, 0x0000000746c00000| Untracked 
|  97|0x0000000746d00000, 0x0000000746d00000, 0x0000000746e00000|  0%| F|  |TAMS 0x0000000746d00000, 0x0000000746d00000| Untracked 
|  98|0x0000000746e00000, 0x0000000746e00000, 0x0000000746f00000|  0%| F|  |TAMS 0x0000000746e00000, 0x0000000746e00000| Untracked 
|  99|0x0000000746f00000, 0x0000000746f00000, 0x0000000747000000|  0%| F|  |TAMS 0x0000000746f00000, 0x0000000746f00000| Untracked 
| 100|0x0000000747000000, 0x0000000747000000, 0x0000000747100000|  0%| F|  |TAMS 0x0000000747000000, 0x0000000747000000| Untracked 
| 101|0x0000000747100000, 0x0000000747100000, 0x0000000747200000|  0%| F|  |TAMS 0x0000000747100000, 0x0000000747100000| Untracked 
| 102|0x0000000747200000, 0x0000000747200000, 0x0000000747300000|  0%| F|  |TAMS 0x0000000747200000, 0x0000000747200000| Untracked 
| 103|0x0000000747300000, 0x0000000747300000, 0x0000000747400000|  0%| F|  |TAMS 0x0000000747300000, 0x0000000747300000| Untracked 
| 104|0x0000000747400000, 0x0000000747400000, 0x0000000747500000|  0%| F|  |TAMS 0x0000000747400000, 0x0000000747400000| Untracked 
| 105|0x0000000747500000, 0x0000000747500000, 0x0000000747600000|  0%| F|  |TAMS 0x0000000747500000, 0x0000000747500000| Untracked 
| 106|0x0000000747600000, 0x0000000747600000, 0x0000000747700000|  0%| F|  |TAMS 0x0000000747600000, 0x0000000747600000| Untracked 
| 107|0x0000000747700000, 0x0000000747700000, 0x0000000747800000|  0%| F|  |TAMS 0x0000000747700000, 0x0000000747700000| Untracked 
| 108|0x0000000747800000, 0x0000000747800000, 0x0000000747900000|  0%| F|  |TAMS 0x0000000747800000, 0x0000000747800000| Untracked 
| 109|0x0000000747900000, 0x0000000747900000, 0x0000000747a00000|  0%| F|  |TAMS 0x0000000747900000, 0x0000000747900000| Untracked 
| 110|0x0000000747a00000, 0x0000000747a00000, 0x0000000747b00000|  0%| F|  |TAMS 0x0000000747a00000, 0x0000000747a00000| Untracked 
| 111|0x0000000747b00000, 0x0000000747b00000, 0x0000000747c00000|  0%| F|  |TAMS 0x0000000747b00000, 0x0000000747b00000| Untracked 
| 112|0x0000000747c00000, 0x0000000747c00000, 0x0000000747d00000|  0%| F|  |TAMS 0x0000000747c00000, 0x0000000747c00000| Untracked 
| 113|0x0000000747d00000, 0x0000000747d00000, 0x0000000747e00000|  0%| F|  |TAMS 0x0000000747d00000, 0x0000000747d00000| Untracked 
| 114|0x0000000747e00000, 0x0000000747e00000, 0x0000000747f00000|  0%| F|  |TAMS 0x0000000747e00000, 0x0000000747e00000| Untracked 
| 115|0x0000000747f00000, 0x0000000747f00000, 0x0000000748000000|  0%| F|  |TAMS 0x0000000747f00000, 0x0000000747f00000| Untracked 
| 116|0x0000000748000000, 0x0000000748000000, 0x0000000748100000|  0%| F|  |TAMS 0x0000000748000000, 0x0000000748000000| Untracked 
| 117|0x0000000748100000, 0x0000000748100000, 0x0000000748200000|  0%| F|  |TAMS 0x0000000748100000, 0x0000000748100000| Untracked 
| 118|0x0000000748200000, 0x0000000748200000, 0x0000000748300000|  0%| F|  |TAMS 0x0000000748200000, 0x0000000748200000| Untracked 
| 119|0x0000000748300000, 0x0000000748300000, 0x0000000748400000|  0%| F|  |TAMS 0x0000000748300000, 0x0000000748300000| Untracked 
| 120|0x0000000748400000, 0x0000000748400000, 0x0000000748500000|  0%| F|  |TAMS 0x0000000748400000, 0x0000000748400000| Untracked 
| 121|0x0000000748500000, 0x0000000748500000, 0x0000000748600000|  0%| F|  |TAMS 0x0000000748500000, 0x0000000748500000| Untracked 
| 122|0x0000000748600000, 0x0000000748600000, 0x0000000748700000|  0%| F|  |TAMS 0x0000000748600000, 0x0000000748600000| Untracked 
| 123|0x0000000748700000, 0x0000000748700000, 0x0000000748800000|  0%| F|  |TAMS 0x0000000748700000, 0x0000000748700000| Untracked 
| 124|0x0000000748800000, 0x0000000748800000, 0x0000000748900000|  0%| F|  |TAMS 0x0000000748800000, 0x0000000748800000| Untracked 
| 125|0x0000000748900000, 0x0000000748900000, 0x0000000748a00000|  0%| F|  |TAMS 0x0000000748900000, 0x0000000748900000| Untracked 
| 126|0x0000000748a00000, 0x0000000748a00000, 0x0000000748b00000|  0%| F|  |TAMS 0x0000000748a00000, 0x0000000748a00000| Untracked 
| 127|0x0000000748b00000, 0x0000000748b00000, 0x0000000748c00000|  0%| F|  |TAMS 0x0000000748b00000, 0x0000000748b00000| Untracked 
| 128|0x0000000748c00000, 0x0000000748c00000, 0x0000000748d00000|  0%| F|  |TAMS 0x0000000748c00000, 0x0000000748c00000| Untracked 
| 129|0x0000000748d00000, 0x0000000748d00000, 0x0000000748e00000|  0%| F|  |TAMS 0x0000000748d00000, 0x0000000748d00000| Untracked 
| 130|0x0000000748e00000, 0x0000000748e00000, 0x0000000748f00000|  0%| F|  |TAMS 0x0000000748e00000, 0x0000000748e00000| Untracked 
| 131|0x0000000748f00000, 0x0000000748f00000, 0x0000000749000000|  0%| F|  |TAMS 0x0000000748f00000, 0x0000000748f00000| Untracked 
| 132|0x0000000749000000, 0x0000000749000000, 0x0000000749100000|  0%| F|  |TAMS 0x0000000749000000, 0x0000000749000000| Untracked 
| 133|0x0000000749100000, 0x0000000749100000, 0x0000000749200000|  0%| F|  |TAMS 0x0000000749100000, 0x0000000749100000| Untracked 
| 134|0x0000000749200000, 0x0000000749200000, 0x0000000749300000|  0%| F|  |TAMS 0x0000000749200000, 0x0000000749200000| Untracked 
| 135|0x0000000749300000, 0x0000000749300000, 0x0000000749400000|  0%| F|  |TAMS 0x0000000749300000, 0x0000000749300000| Untracked 
| 136|0x0000000749400000, 0x0000000749400000, 0x0000000749500000|  0%| F|  |TAMS 0x0000000749400000, 0x0000000749400000| Untracked 
| 137|0x0000000749500000, 0x0000000749500000, 0x0000000749600000|  0%| F|  |TAMS 0x0000000749500000, 0x0000000749500000| Untracked 
| 138|0x0000000749600000, 0x0000000749600000, 0x0000000749700000|  0%| F|  |TAMS 0x0000000749600000, 0x0000000749600000| Untracked 
| 139|0x0000000749700000, 0x0000000749700000, 0x0000000749800000|  0%| F|  |TAMS 0x0000000749700000, 0x0000000749700000| Untracked 
| 140|0x0000000749800000, 0x0000000749800000, 0x0000000749900000|  0%| F|  |TAMS 0x0000000749800000, 0x0000000749800000| Untracked 
| 141|0x0000000749900000, 0x0000000749900000, 0x0000000749a00000|  0%| F|  |TAMS 0x0000000749900000, 0x0000000749900000| Untracked 
| 142|0x0000000749a00000, 0x0000000749a00000, 0x0000000749b00000|  0%| F|  |TAMS 0x0000000749a00000, 0x0000000749a00000| Untracked 
| 143|0x0000000749b00000, 0x0000000749b00000, 0x0000000749c00000|  0%| F|  |TAMS 0x0000000749b00000, 0x0000000749b00000| Untracked 
| 144|0x0000000749c00000, 0x0000000749c00000, 0x0000000749d00000|  0%| F|  |TAMS 0x0000000749c00000, 0x0000000749c00000| Untracked 
| 145|0x0000000749d00000, 0x0000000749d00000, 0x0000000749e00000|  0%| F|  |TAMS 0x0000000749d00000, 0x0000000749d00000| Untracked 
| 146|0x0000000749e00000, 0x0000000749e00000, 0x0000000749f00000|  0%| F|  |TAMS 0x0000000749e00000, 0x0000000749e00000| Untracked 
| 147|0x0000000749f00000, 0x0000000749f00000, 0x000000074a000000|  0%| F|  |TAMS 0x0000000749f00000, 0x0000000749f00000| Untracked 
| 148|0x000000074a000000, 0x000000074a000000, 0x000000074a100000|  0%| F|  |TAMS 0x000000074a000000, 0x000000074a000000| Untracked 
| 149|0x000000074a100000, 0x000000074a100000, 0x000000074a200000|  0%| F|  |TAMS 0x000000074a100000, 0x000000074a100000| Untracked 
| 150|0x000000074a200000, 0x000000074a200000, 0x000000074a300000|  0%| F|  |TAMS 0x000000074a200000, 0x000000074a200000| Untracked 
| 151|0x000000074a300000, 0x000000074a300000, 0x000000074a400000|  0%| F|  |TAMS 0x000000074a300000, 0x000000074a300000| Untracked 
| 152|0x000000074a400000, 0x000000074a400000, 0x000000074a500000|  0%| F|  |TAMS 0x000000074a400000, 0x000000074a400000| Untracked 
| 153|0x000000074a500000, 0x000000074a500000, 0x000000074a600000|  0%| F|  |TAMS 0x000000074a500000, 0x000000074a500000| Untracked 
| 154|0x000000074a600000, 0x000000074a600000, 0x000000074a700000|  0%| F|  |TAMS 0x000000074a600000, 0x000000074a600000| Untracked 
| 155|0x000000074a700000, 0x000000074a700000, 0x000000074a800000|  0%| F|  |TAMS 0x000000074a700000, 0x000000074a700000| Untracked 
| 156|0x000000074a800000, 0x000000074a800000, 0x000000074a900000|  0%| F|  |TAMS 0x000000074a800000, 0x000000074a800000| Untracked 
| 157|0x000000074a900000, 0x000000074a900000, 0x000000074aa00000|  0%| F|  |TAMS 0x000000074a900000, 0x000000074a900000| Untracked 
| 158|0x000000074aa00000, 0x000000074aa00000, 0x000000074ab00000|  0%| F|  |TAMS 0x000000074aa00000, 0x000000074aa00000| Untracked 
| 159|0x000000074ab00000, 0x000000074ab00000, 0x000000074ac00000|  0%| F|  |TAMS 0x000000074ab00000, 0x000000074ab00000| Untracked 
| 160|0x000000074ac00000, 0x000000074ac00000, 0x000000074ad00000|  0%| F|  |TAMS 0x000000074ac00000, 0x000000074ac00000| Untracked 
| 161|0x000000074ad00000, 0x000000074ad00000, 0x000000074ae00000|  0%| F|  |TAMS 0x000000074ad00000, 0x000000074ad00000| Untracked 
| 162|0x000000074ae00000, 0x000000074ae90580, 0x000000074af00000| 56%| S|CS|TAMS 0x000000074ae00000, 0x000000074ae00000| Complete 
| 163|0x000000074af00000, 0x000000074af00000, 0x000000074b000000|  0%| F|  |TAMS 0x000000074af00000, 0x000000074af00000| Untracked 
| 164|0x000000074b000000, 0x000000074b000000, 0x000000074b100000|  0%| F|  |TAMS 0x000000074b000000, 0x000000074b000000| Untracked 
| 165|0x000000074b100000, 0x000000074b100000, 0x000000074b200000|  0%| F|  |TAMS 0x000000074b100000, 0x000000074b100000| Untracked 
| 166|0x000000074b200000, 0x000000074b200000, 0x000000074b300000|  0%| F|  |TAMS 0x000000074b200000, 0x000000074b200000| Untracked 
| 167|0x000000074b300000, 0x000000074b300000, 0x000000074b400000|  0%| F|  |TAMS 0x000000074b300000, 0x000000074b300000| Untracked 
| 168|0x000000074b400000, 0x000000074b400000, 0x000000074b500000|  0%| F|  |TAMS 0x000000074b400000, 0x000000074b400000| Untracked 
| 169|0x000000074b500000, 0x000000074b500000, 0x000000074b600000|  0%| F|  |TAMS 0x000000074b500000, 0x000000074b500000| Untracked 
| 170|0x000000074b600000, 0x000000074b600000, 0x000000074b700000|  0%| F|  |TAMS 0x000000074b600000, 0x000000074b600000| Untracked 
| 171|0x000000074b700000, 0x000000074b700000, 0x000000074b800000|  0%| F|  |TAMS 0x000000074b700000, 0x000000074b700000| Untracked 
| 172|0x000000074b800000, 0x000000074b800000, 0x000000074b900000|  0%| F|  |TAMS 0x000000074b800000, 0x000000074b800000| Untracked 
| 173|0x000000074b900000, 0x000000074b900000, 0x000000074ba00000|  0%| F|  |TAMS 0x000000074b900000, 0x000000074b900000| Untracked 
| 174|0x000000074ba00000, 0x000000074ba00000, 0x000000074bb00000|  0%| F|  |TAMS 0x000000074ba00000, 0x000000074ba00000| Untracked 
| 175|0x000000074bb00000, 0x000000074bb00000, 0x000000074bc00000|  0%| F|  |TAMS 0x000000074bb00000, 0x000000074bb00000| Untracked 
| 176|0x000000074bc00000, 0x000000074bc00000, 0x000000074bd00000|  0%| F|  |TAMS 0x000000074bc00000, 0x000000074bc00000| Untracked 
| 177|0x000000074bd00000, 0x000000074bd00000, 0x000000074be00000|  0%| F|  |TAMS 0x000000074bd00000, 0x000000074bd00000| Untracked 
| 178|0x000000074be00000, 0x000000074be00000, 0x000000074bf00000|  0%| F|  |TAMS 0x000000074be00000, 0x000000074be00000| Untracked 
| 179|0x000000074bf00000, 0x000000074bf00000, 0x000000074c000000|  0%| F|  |TAMS 0x000000074bf00000, 0x000000074bf00000| Untracked 
| 180|0x000000074c000000, 0x000000074c000000, 0x000000074c100000|  0%| F|  |TAMS 0x000000074c000000, 0x000000074c000000| Untracked 
| 181|0x000000074c100000, 0x000000074c100000, 0x000000074c200000|  0%| F|  |TAMS 0x000000074c100000, 0x000000074c100000| Untracked 
| 182|0x000000074c200000, 0x000000074c200000, 0x000000074c300000|  0%| F|  |TAMS 0x000000074c200000, 0x000000074c200000| Untracked 
| 183|0x000000074c300000, 0x000000074c300000, 0x000000074c400000|  0%| F|  |TAMS 0x000000074c300000, 0x000000074c300000| Untracked 
| 184|0x000000074c400000, 0x000000074c400000, 0x000000074c500000|  0%| F|  |TAMS 0x000000074c400000, 0x000000074c400000| Untracked 
| 185|0x000000074c500000, 0x000000074c500000, 0x000000074c600000|  0%| F|  |TAMS 0x000000074c500000, 0x000000074c500000| Untracked 
| 186|0x000000074c600000, 0x000000074c600000, 0x000000074c700000|  0%| F|  |TAMS 0x000000074c600000, 0x000000074c600000| Untracked 
| 187|0x000000074c700000, 0x000000074c700000, 0x000000074c800000|  0%| F|  |TAMS 0x000000074c700000, 0x000000074c700000| Untracked 
| 188|0x000000074c800000, 0x000000074c800000, 0x000000074c900000|  0%| F|  |TAMS 0x000000074c800000, 0x000000074c800000| Untracked 
| 189|0x000000074c900000, 0x000000074c900000, 0x000000074ca00000|  0%| F|  |TAMS 0x000000074c900000, 0x000000074c900000| Untracked 
| 190|0x000000074ca00000, 0x000000074cb00000, 0x000000074cb00000|100%| E|  |TAMS 0x000000074ca00000, 0x000000074ca00000| Complete 
| 191|0x000000074cb00000, 0x000000074cc00000, 0x000000074cc00000|100%| E|CS|TAMS 0x000000074cb00000, 0x000000074cb00000| Complete 

Card table byte_map: [0x000002021cd00000,0x000002021d300000] _byte_map_base: 0x00000202192fa000

Marking Bits (Prev, Next): (CMBitMap*) 0x0000020202d19218, (CMBitMap*) 0x0000020202d19258
 Prev Bits: [0x000002021d900000, 0x00000202208d0000)
 Next Bits: [0x00000202208d0000, 0x00000202238a0000)

Polling page: 0x0000020202b70000

Metaspace:

Usage:
  Non-class:     16.41 MB capacity,    16.23 MB ( 99%) used,   146.30 KB ( <1%) free+waste,    36.94 KB ( <1%) overhead. 
      Class:      2.13 MB capacity,     2.00 MB ( 94%) used,   117.97 KB (  5%) free+waste,    19.50 KB ( <1%) overhead. 
       Both:     18.54 MB capacity,    18.23 MB ( 98%) used,   264.27 KB (  1%) free+waste,    56.44 KB ( <1%) overhead. 

Virtual space:
  Non-class space:       18.00 MB reserved,      16.50 MB ( 92%) committed 
      Class space:        1.00 GB reserved,       2.25 MB ( <1%) committed 
             Both:        1.02 GB reserved,      18.75 MB (  2%) committed 

Chunk freelists:
   Non-Class:  32.00 KB
       Class:  23.00 KB
        Both:  55.00 KB

MaxMetaspaceSize: 17179869184.00 GB
CompressedClassSpaceSize: 1.00 GB

CodeHeap 'non-profiled nmethods': size=120000Kb used=2202Kb max_used=2202Kb free=117797Kb
 bounds [0x0000020214760000, 0x00000202149d0000, 0x000002021bc90000]
CodeHeap 'profiled nmethods': size=120000Kb used=7396Kb max_used=7396Kb free=112603Kb
 bounds [0x000002020d230000, 0x000002020d970000, 0x0000020214760000]
CodeHeap 'non-nmethods': size=5760Kb used=1470Kb max_used=1527Kb free=4289Kb
 bounds [0x000002020cc90000, 0x000002020cf00000, 0x000002020d230000]
 total_blobs=5466 nmethods=3465 adapters=725
 compilation: enabled
              stopped_count=0, restarted_count=0
 full_count=0

Compilation events (20 events):
Event: 113.496 Thread 0x0000020226c2d000 3458       3       javax.swing.SwingUtilities::getPaintingOrigin (33 bytes)
Event: 113.496 Thread 0x0000020226c2d000 nmethod 3458 0x000002020d965e90 code [0x000002020d966060, 0x000002020d966618]
Event: 113.496 Thread 0x0000020226c2d000 3457       3       javax.swing.JComponent::paintImmediately (155 bytes)
Event: 113.500 Thread 0x0000020226c2d000 nmethod 3457 0x000002020d966790 code [0x000002020d966a60, 0x000002020d9680c8]
Event: 113.808 Thread 0x0000020226c28800 3459       4       sun.awt.SunToolkit::postEvent (144 bytes)
Event: 113.860 Thread 0x0000020226c28800 nmethod 3459 0x0000020214982790 code [0x0000020214982c80, 0x0000020214984b30]
Event: 113.906 Thread 0x0000020226c28800 3460       4       java.awt.Component::contains (7 bytes)
Event: 113.907 Thread 0x0000020226c28800 nmethod 3460 0x0000020214985810 code [0x0000020214985980, 0x0000020214985a18]
Event: 114.276 Thread 0x0000020226c28800 3461       4       java.awt.Component::getFont_NoClientCode (29 bytes)
Event: 114.277 Thread 0x0000020226c28800 nmethod 3461 0x0000020214985b10 code [0x0000020214985ca0, 0x0000020214985d68]
Event: 114.476 Thread 0x0000020226c28800 3462       4       javax.swing.SwingUtilities::computeIntersection (189 bytes)
Event: 114.480 Thread 0x0000020226c28800 nmethod 3462 0x0000020214985e10 code [0x0000020214985fc0, 0x00000202149860d8]
Event: 114.537 Thread 0x0000020226c28800 3463       4       java.util.IdentityHashMap::clear (39 bytes)
Event: 114.547 Thread 0x0000020226c28800 nmethod 3463 0x0000020214986210 code [0x00000202149863a0, 0x0000020214986678]
Event: 114.619 Thread 0x0000020226c2d000 3464       3       java.awt.Container::containsFocus (13 bytes)
Event: 114.620 Thread 0x0000020226c2d000 nmethod 3464 0x000002020d968610 code [0x000002020d9687e0, 0x000002020d968ab8]
Event: 115.923 Thread 0x0000020226c2d000 3465       3       jdk.internal.ref.CleanerImpl$PhantomCleanableRef::performCleanup (10 bytes)
Event: 115.923 Thread 0x0000020226c2d000 nmethod 3465 0x000002020d968c10 code [0x000002020d968dc0, 0x000002020d968fa8]
Event: 115.923 Thread 0x0000020226c2d000 3466       1       java.util.concurrent.CopyOnWriteArrayList::getArray (5 bytes)
Event: 115.923 Thread 0x0000020226c2d000 nmethod 3466 0x0000020214986790 code [0x0000020214986920, 0x00000202149869f8]

GC Heap History (4 events):
Event: 47.109 GC heap before
{Heap before GC invocations=0 (full 0):
 garbage-first heap   total 196608K, used 23552K [0x0000000740c00000, 0x0000000800000000)
  region size 1024K, 23 young (23552K), 0 survivors (0K)
 Metaspace       used 16272K, capacity 16548K, committed 16640K, reserved 1064960K
  class space    used 1837K, capacity 1987K, committed 2048K, reserved 1048576K
}
Event: 47.128 GC heap after
{Heap after GC invocations=1 (full 0):
 garbage-first heap   total 196608K, used 4724K [0x0000000740c00000, 0x0000000800000000)
  region size 1024K, 3 young (3072K), 3 survivors (3072K)
 Metaspace       used 16272K, capacity 16548K, committed 16640K, reserved 1064960K
  class space    used 1837K, capacity 1987K, committed 2048K, reserved 1048576K
}
Event: 115.914 GC heap before
{Heap before GC invocations=1 (full 0):
 garbage-first heap   total 196608K, used 31348K [0x0000000740c00000, 0x0000000800000000)
  region size 1024K, 29 young (29696K), 3 survivors (3072K)
 Metaspace       used 18659K, capacity 18982K, committed 19200K, reserved 1067008K
  class space    used 2046K, capacity 2184K, committed 2304K, reserved 1048576K
}
Event: 115.922 GC heap after
{Heap after GC invocations=2 (full 0):
 garbage-first heap   total 196608K, used 5301K [0x0000000740c00000, 0x0000000800000000)
  region size 1024K, 1 young (1024K), 1 survivors (1024K)
 Metaspace       used 18659K, capacity 18982K, committed 19200K, reserved 1067008K
  class space    used 2046K, capacity 2184K, committed 2304K, reserved 1048576K
}

Deoptimization events (20 events):
Event: 114.620 Thread 0x0000020227248000 Uncommon trap: trap_request=0xffffff45 fr.pc=0x00000202148ce884 relative=0x0000000000000584
Event: 114.620 Thread 0x0000020227248000 Uncommon trap: reason=unstable_if action=reinterpret pc=0x00000202148ce884 method=sun.awt.AWTAutoShutdown.isReadyToShutdown()Z @ 16 c2
Event: 114.620 Thread 0x0000020227248000 DEOPT PACKING pc=0x00000202148ce884 sp=0x0000002c014fedd0
Event: 114.620 Thread 0x0000020227248000 DEOPT UNPACKING pc=0x000002020ccd912f sp=0x0000002c014fecb8 mode 2
Event: 114.624 Thread 0x0000020227248000 Uncommon trap: trap_request=0xffffff45 fr.pc=0x00000202148cf2a4 relative=0x0000000000000524
Event: 114.624 Thread 0x0000020227248000 Uncommon trap: reason=unstable_if action=reinterpret pc=0x00000202148cf2a4 method=sun.awt.AWTAutoShutdown.isReadyToShutdown()Z @ 16 c2
Event: 114.624 Thread 0x0000020227248000 DEOPT PACKING pc=0x00000202148cf2a4 sp=0x0000002c014feda0
Event: 114.624 Thread 0x0000020227248000 DEOPT UNPACKING pc=0x000002020ccd912f sp=0x0000002c014fec88 mode 2
Event: 114.624 Thread 0x0000020227248000 Uncommon trap: trap_request=0xffffff45 fr.pc=0x000002021486d004 relative=0x00000000000006e4
Event: 114.624 Thread 0x0000020227248000 Uncommon trap: reason=unstable_if action=reinterpret pc=0x000002021486d004 method=sun.awt.AWTAutoShutdown.isReadyToShutdown()Z @ 16 c2
Event: 114.624 Thread 0x0000020227248000 DEOPT PACKING pc=0x000002021486d004 sp=0x0000002c014fed50
Event: 114.624 Thread 0x0000020227248000 DEOPT UNPACKING pc=0x000002020ccd912f sp=0x0000002c014fecb0 mode 2
Event: 114.625 Thread 0x00000202272fa800 Uncommon trap: trap_request=0xffffff45 fr.pc=0x000002021496b524 relative=0x0000000000005a84
Event: 114.625 Thread 0x00000202272fa800 Uncommon trap: reason=unstable_if action=reinterpret pc=0x000002021496b524 method=sun.awt.AWTAutoShutdown.isReadyToShutdown()Z @ 16 c2
Event: 114.625 Thread 0x00000202272fa800 DEOPT PACKING pc=0x000002021496b524 sp=0x0000002c015feb00
Event: 114.625 Thread 0x00000202272fa800 DEOPT UNPACKING pc=0x000002020ccd912f sp=0x0000002c015fea68 mode 2
Event: 115.911 Thread 0x00000202272fa800 Uncommon trap: trap_request=0xffffff45 fr.pc=0x0000020214962790 relative=0x0000000000001930
Event: 115.911 Thread 0x00000202272fa800 Uncommon trap: reason=unstable_if action=reinterpret pc=0x0000020214962790 method=java.awt.EventQueue.dispatchEventImpl(Ljava/awt/AWTEvent;Ljava/lang/Object;)V @ 33 c2
Event: 115.911 Thread 0x00000202272fa800 DEOPT PACKING pc=0x0000020214962790 sp=0x0000002c015feb90
Event: 115.912 Thread 0x00000202272fa800 DEOPT UNPACKING pc=0x000002020ccd912f sp=0x0000002c015fe8c8 mode 2

Classes unloaded (0 events):
No events

Classes redefined (0 events):
No events

Internal exceptions (20 events):
Event: 0.361 Thread 0x0000020202cc3800 Exception <a 'java/lang/ClassNotFoundException'{0x000000074c8fd930}: ToggleButton> (0x000000074c8fd930) 
thrown [./open/src/hotspot/share/classfile/systemDictionary.cpp, line 226]
Event: 0.361 Thread 0x0000020202cc3800 Exception <a 'java/lang/ClassNotFoundException'{0x000000074c8fdd70}: javax/swing/JToolBarSeparator> (0x000000074c8fdd70) 
thrown [./open/src/hotspot/share/classfile/systemDictionary.cpp, line 226]
Event: 0.361 Thread 0x0000020202cc3800 Exception <a 'java/lang/ClassNotFoundException'{0x000000074c8fe078}: ToolBarSeparator> (0x000000074c8fe078) 
thrown [./open/src/hotspot/share/classfile/systemDictionary.cpp, line 226]
Event: 0.361 Thread 0x0000020202cc3800 Exception <a 'java/lang/ClassNotFoundException'{0x000000074c8fe590}: ToolTip> (0x000000074c8fe590) 
thrown [./open/src/hotspot/share/classfile/systemDictionary.cpp, line 226]
Event: 0.362 Thread 0x0000020202cc3800 Exception <a 'java/lang/ClassNotFoundException'{0x000000074c8feee0}: Tree> (0x000000074c8feee0) 
thrown [./open/src/hotspot/share/classfile/systemDictionary.cpp, line 226]
Event: 0.362 Thread 0x0000020202cc3800 Exception <a 'java/lang/ClassNotFoundException'{0x000000074c8ff3d8}: Tree> (0x000000074c8ff3d8) 
thrown [./open/src/hotspot/share/classfile/systemDictionary.cpp, line 226]
Event: 0.362 Thread 0x0000020202cc3800 Exception <a 'java/lang/ClassNotFoundException'{0x000000074c8ff748}: javax/swing/JTreeCell> (0x000000074c8ff748) 
thrown [./open/src/hotspot/share/classfile/systemDictionary.cpp, line 226]
Event: 0.362 Thread 0x0000020202cc3800 Exception <a 'java/lang/ClassNotFoundException'{0x000000074c8ffa48}: TreeCell> (0x000000074c8ffa48) 
thrown [./open/src/hotspot/share/classfile/systemDictionary.cpp, line 226]
Event: 0.362 Thread 0x0000020202cc3800 Exception <a 'java/lang/ClassNotFoundException'{0x000000074c700458}: RootPane> (0x000000074c700458) 
thrown [./open/src/hotspot/share/classfile/systemDictionary.cpp, line 226]
Event: 0.363 Thread 0x0000020202cc3800 Implicit null exception at 0x0000020214781baf to 0x0000020214781c2d
Event: 0.364 Thread 0x0000020202cc3800 Exception <a 'java/lang/ClassNotFoundException'{0x000000074c703500}: com/sun/swing/internal/plaf/metal/resources/spi/metalProvider> (0x000000074c703500) 
thrown [./open/src/hotspot/share/classfile/systemDictionary.cpp, line 226]
Event: 0.365 Thread 0x0000020202cc3800 Exception <a 'java/lang/ClassNotFoundException'{0x000000074c7072c0}: com/sun/swing/internal/plaf/basic/resources/spi/basicProvider> (0x000000074c7072c0) 
thrown [./open/src/hotspot/share/classfile/systemDictionary.cpp, line 226]
Event: 0.398 Thread 0x00000202272fa800 Exception <a 'java/lang/ClassNotFoundException'{0x000000074c793468}: com/sun/swing/internal/plaf/synth/resources/spi/synthProvider> (0x000000074c793468) 
thrown [./open/src/hotspot/share/classfile/systemDictionary.cpp, line 226]
Event: 0.435 Thread 0x00000202272fa800 Exception <a 'java/lang/NoSuchMethodError'{0x000000074c60ab88}: 'void java.lang.invoke.DirectMethodHandle$Holder.invokeStaticInit(java.lang.Object)'> (0x000000074c60ab88) 
thrown [./open/src/hotspot/share/interpreter/linkResolver.cpp, line 766]
Event: 0.442 Thread 0x00000202272fa800 Exception <a 'java/lang/NoSuchMethodError'{0x000000074c631de0}: 'java.lang.Object java.lang.invoke.Invokers$Holder.linkToTargetMethod(java.lang.Object, int, java.lang.Object)'> (0x000000074c631de0) 
thrown [./open/src/hotspot/share/interpreter/linkResolver.cpp, line 766]
Event: 8.005 Thread 0x00000202272fa800 Implicit null exception at 0x00000202147cfdb0 to 0x00000202147cfe15
Event: 11.322 Thread 0x00000202272fa800 Exception <a 'java/lang/NoSuchMethodError'{0x000000074bc6abe0}: 'int java.lang.invoke.DirectMethodHandle$Holder.invokeSpecialIFC(java.lang.Object, java.lang.Object, int)'> (0x000000074bc6abe0) 
thrown [./open/src/hotspot/share/interpreter/linkResolver.cpp, line 766]
Event: 34.526 Thread 0x00000202272fa800 Implicit null exception at 0x00000202147cf4c9 to 0x00000202147cf6b8
Event: 44.523 Thread 0x00000202272fa800 Implicit null exception at 0x0000020214899d7c to 0x0000020214899e75
Event: 50.317 Thread 0x00000202272fa800 Exception <a 'java/lang/NoSuchMethodError'{0x000000074c46b0f8}: 'java.lang.Object java.lang.invoke.Invokers$Holder.linkToTargetMethod(java.lang.Object, long, java.lang.Object)'> (0x000000074c46b0f8) 
thrown [./open/src/hotspot/share/interpreter/linkResolver.cpp, line 766]

Events (20 events):
Event: 115.923 Executing VM operation: HandshakeOneThread
Event: 115.923 Executing VM operation: HandshakeOneThread done
Event: 115.923 Executing VM operation: HandshakeOneThread
Event: 115.923 Executing VM operation: HandshakeOneThread done
Event: 115.923 Executing VM operation: HandshakeOneThread
Event: 115.923 Executing VM operation: HandshakeOneThread done
Event: 115.923 Thread 0x0000020226eb9000 Thread added: 0x0000020226eb9000
Event: 115.923 Thread 0x0000020226eb4800 Thread exited: 0x0000020226eb4800
Event: 115.923 Executing VM operation: HandshakeOneThread
Event: 115.923 Executing VM operation: HandshakeOneThread done
Event: 115.923 Executing VM operation: HandshakeOneThread
Event: 115.923 Executing VM operation: HandshakeOneThread done
Event: 115.924 Executing VM operation: HandshakeOneThread
Event: 115.924 Executing VM operation: HandshakeOneThread done
Event: 115.924 Executing VM operation: HandshakeOneThread
Event: 115.924 Executing VM operation: HandshakeOneThread done
Event: 115.924 Executing VM operation: HandshakeOneThread
Event: 115.924 Executing VM operation: HandshakeOneThread done
Event: 115.924 Executing VM operation: HandshakeOneThread
Event: 115.924 Executing VM operation: HandshakeOneThread done


Dynamic libraries:
0x00007ff750010000 - 0x00007ff75001f000 	C:\Program Files\Java\jdk-14.0.1\bin\java.exe
0x00007ffd14880000 - 0x00007ffd14a70000 	C:\WINDOWS\SYSTEM32\ntdll.dll
0x00007ffd13610000 - 0x00007ffd136c2000 	C:\WINDOWS\System32\KERNEL32.DLL
0x00007ffd11940000 - 0x00007ffd11be4000 	C:\WINDOWS\System32\KERNELBASE.dll
0x00007ffd12830000 - 0x00007ffd1292a000 	C:\WINDOWS\System32\ucrtbase.dll
0x00007ffd03310000 - 0x00007ffd03328000 	C:\Program Files\Java\jdk-14.0.1\bin\jli.dll
0x00007ffccb110000 - 0x00007ffccb125000 	C:\Program Files\Java\jdk-14.0.1\bin\VCRUNTIME140.dll
0x00007ffd138c0000 - 0x00007ffd13963000 	C:\WINDOWS\System32\ADVAPI32.dll
0x00007ffd144f0000 - 0x00007ffd1458e000 	C:\WINDOWS\System32\msvcrt.dll
0x00007ffd13970000 - 0x00007ffd13a07000 	C:\WINDOWS\System32\sechost.dll
0x00007ffd136d0000 - 0x00007ffd137f0000 	C:\WINDOWS\System32\RPCRT4.dll
0x00007ffd133c0000 - 0x00007ffd13554000 	C:\WINDOWS\System32\USER32.dll
0x00007ffd126b0000 - 0x00007ffd126d1000 	C:\WINDOWS\System32\win32u.dll
0x00007ffd14600000 - 0x00007ffd14626000 	C:\WINDOWS\System32\GDI32.dll
0x00007ffd05540000 - 0x00007ffd057c4000 	C:\WINDOWS\WinSxS\amd64_microsoft.windows.common-controls_6595b64144ccf1df_6.0.18362.900_none_e6beb9d913147d17\COMCTL32.dll
0x00007ffd11d90000 - 0x00007ffd11f25000 	C:\WINDOWS\System32\gdi32full.dll
0x00007ffd11bf0000 - 0x00007ffd11c8e000 	C:\WINDOWS\System32\msvcp_win.dll
0x00007ffd14070000 - 0x00007ffd143a5000 	C:\WINDOWS\System32\combase.dll
0x00007ffd11c90000 - 0x00007ffd11d10000 	C:\WINDOWS\System32\bcryptPrimitives.dll
0x00007ffd08dc0000 - 0x00007ffd08dca000 	C:\WINDOWS\SYSTEM32\VERSION.dll
0x00007ffd12a40000 - 0x00007ffd12a6e000 	C:\WINDOWS\System32\IMM32.DLL
0x00007ffd03d20000 - 0x00007ffd03dbb000 	C:\Program Files\Java\jdk-14.0.1\bin\msvcp140.dll
0x00007ffc9c350000 - 0x00007ffc9ce6e000 	C:\Program Files\Java\jdk-14.0.1\bin\server\jvm.dll
0x00007ffd13580000 - 0x00007ffd13588000 	C:\WINDOWS\System32\PSAPI.DLL
0x00007ffd06240000 - 0x00007ffd06249000 	C:\WINDOWS\SYSTEM32\WSOCK32.dll
0x00007ffd06280000 - 0x00007ffd062a4000 	C:\WINDOWS\SYSTEM32\WINMM.dll
0x00007ffd14590000 - 0x00007ffd145ff000 	C:\WINDOWS\System32\WS2_32.dll
0x00007ffd06250000 - 0x00007ffd0627d000 	C:\WINDOWS\SYSTEM32\winmmbase.dll
0x00007ffd11840000 - 0x00007ffd1188a000 	C:\WINDOWS\System32\cfgmgr32.dll
0x00007ffd117d0000 - 0x00007ffd117e1000 	C:\WINDOWS\System32\kernel.appcore.dll
0x00007ffcf4d40000 - 0x00007ffcf4d4a000 	C:\Program Files\Java\jdk-14.0.1\bin\jimage.dll
0x00007ffd05340000 - 0x00007ffd05534000 	C:\WINDOWS\SYSTEM32\DBGHELP.DLL
0x00007ffd052e0000 - 0x00007ffd0530a000 	C:\WINDOWS\SYSTEM32\dbgcore.DLL
0x00007ffccb0e0000 - 0x00007ffccb105000 	C:\Program Files\Java\jdk-14.0.1\bin\java.dll
0x00007ffd0e340000 - 0x00007ffd0e356000 	C:\Program Files\Java\jdk-14.0.1\bin\zip.dll
0x00007ffd12cd0000 - 0x00007ffd133b6000 	C:\WINDOWS\System32\SHELL32.dll
0x00007ffd12c20000 - 0x00007ffd12cc9000 	C:\WINDOWS\System32\shcore.dll
0x00007ffd11f30000 - 0x00007ffd126b0000 	C:\WINDOWS\System32\windows.storage.dll
0x00007ffd11750000 - 0x00007ffd11773000 	C:\WINDOWS\System32\profapi.dll
0x00007ffd11780000 - 0x00007ffd117ca000 	C:\WINDOWS\System32\powrprof.dll
0x00007ffd11740000 - 0x00007ffd11750000 	C:\WINDOWS\System32\UMPDC.dll
0x00007ffd129e0000 - 0x00007ffd12a32000 	C:\WINDOWS\System32\shlwapi.dll
0x00007ffd11d70000 - 0x00007ffd11d87000 	C:\WINDOWS\System32\cryptsp.dll
0x00007ffd0e320000 - 0x00007ffd0e339000 	C:\Program Files\Java\jdk-14.0.1\bin\net.dll
0x00007ffd09fd0000 - 0x00007ffd0a0c0000 	C:\WINDOWS\SYSTEM32\WINHTTP.dll
0x00007ffd10f50000 - 0x00007ffd10fb7000 	C:\WINDOWS\system32\mswsock.dll
0x00007ffd0e300000 - 0x00007ffd0e312000 	C:\Program Files\Java\jdk-14.0.1\bin\nio.dll
0x00007ffd03dc0000 - 0x00007ffd03f58000 	C:\Program Files\Java\jdk-14.0.1\bin\awt.dll
0x00007ffd14630000 - 0x00007ffd146f5000 	C:\WINDOWS\System32\OLEAUT32.dll
0x00007ffd0f820000 - 0x00007ffd0f8af000 	C:\WINDOWS\SYSTEM32\apphelp.dll
0x00007ffd0f9c0000 - 0x00007ffd0fa59000 	C:\WINDOWS\system32\uxtheme.dll
0x00007ffd143b0000 - 0x00007ffd144e5000 	C:\WINDOWS\System32\MSCTF.dll
0x00007ffd13aa0000 - 0x00007ffd13bf7000 	C:\WINDOWS\System32\ole32.dll
0x00007ffd0fdf0000 - 0x00007ffd0fe1d000 	C:\WINDOWS\system32\DWMAPI.DLL
0x00007ffd03b30000 - 0x00007ffd03bb2000 	C:\Program Files\Java\jdk-14.0.1\bin\freetype.dll
0x00007ffd03a80000 - 0x00007ffd03b26000 	C:\Program Files\Java\jdk-14.0.1\bin\fontmanager.dll
0x00007ffd03bc0000 - 0x00007ffd03d16000 	C:\WINDOWS\system32\opengl32.dll
0x00007ffd0e2d0000 - 0x00007ffd0e2fc000 	C:\WINDOWS\SYSTEM32\GLU32.dll
0x00007ffd103b0000 - 0x00007ffd103d0000 	C:\WINDOWS\SYSTEM32\dxcore.dll
0x00007ffd12930000 - 0x00007ffd129d2000 	C:\WINDOWS\System32\clbcatq.dll
0x00007ffcfec10000 - 0x00007ffcfedbf000 	C:\WINDOWS\SYSTEM32\WindowsCodecs.dll
0x00007ffcfef00000 - 0x00007ffcfef9e000 	C:\WINDOWS\System32\TextInputFramework.dll
0x00007ffcff100000 - 0x00007ffcff42a000 	C:\WINDOWS\System32\CoreUIComponents.dll
0x00007ffd0f270000 - 0x00007ffd0f344000 	C:\WINDOWS\System32\CoreMessaging.dll
0x00007ffd107a0000 - 0x00007ffd107d1000 	C:\WINDOWS\SYSTEM32\ntmarta.dll
0x00007ffd0dbe0000 - 0x00007ffd0dd33000 	C:\WINDOWS\SYSTEM32\wintypes.dll
0x00007ffd06a30000 - 0x00007ffd06cd6000 	C:\WINDOWS\System32\iertutil.dll
0x00007ffcffc20000 - 0x00007ffcffcc9000 	C:\WINDOWS\WinSxS\amd64_microsoft.windows.common-controls_6595b64144ccf1df_5.82.18362.900_none_2a238898466d6da2\comctl32.dll
0x00007ffd0d8f0000 - 0x00007ffd0d9e0000 	C:\WINDOWS\SYSTEM32\PROPSYS.dll
0x00007ffd08f30000 - 0x00007ffd08f4b000 	C:\WINDOWS\SYSTEM32\MPR.dll
0x00007ffcfb3d0000 - 0x00007ffcfb3db000 	C:\WINDOWS\System32\drprov.dll
0x00007ffd115d0000 - 0x00007ffd11626000 	C:\WINDOWS\System32\WINSTA.dll
0x00007ffcfb070000 - 0x00007ffcfb085000 	C:\WINDOWS\System32\ntlanman.dll
0x00007ffcfb010000 - 0x00007ffcfb02d000 	C:\WINDOWS\System32\davclnt.dll
0x00007ffcfa9b0000 - 0x00007ffcfa9bc000 	C:\WINDOWS\System32\DAVHLPR.dll
0x00007ffd0d3e0000 - 0x00007ffd0d3f7000 	C:\WINDOWS\System32\wkscli.dll
0x00007ffd11810000 - 0x00007ffd11836000 	C:\WINDOWS\System32\bcrypt.dll
0x00007ffcf68a0000 - 0x00007ffcf68b2000 	C:\WINDOWS\SYSTEM32\cscapi.dll
0x00007ffd10d70000 - 0x00007ffd10d7c000 	C:\WINDOWS\System32\netutils.dll
0x00007ffcfb050000 - 0x00007ffcfb070000 	C:\Windows\System32\DevDispItemProvider.dll
0x00007ffcf7b40000 - 0x00007ffcf7b4d000 	C:\WINDOWS\SYSTEM32\LINKINFO.dll
0x00007ffd10ca0000 - 0x00007ffd10d6b000 	C:\WINDOWS\SYSTEM32\DNSAPI.dll
0x00007ffd147d0000 - 0x00007ffd147d8000 	C:\WINDOWS\System32\NSI.dll
0x00007ffd10c60000 - 0x00007ffd10c9a000 	C:\WINDOWS\SYSTEM32\IPHLPAPI.DLL
0x0000000062610000 - 0x0000000062636000 	C:\Program Files\Bonjour\mdnsNSP.dll
0x0000000062600000 - 0x000000006260a000 	C:\Program Files\National Instruments\Shared\mDNS Responder\nimdnsNSP.dll
0x00000000625f0000 - 0x0000000062600000 	C:\WINDOWS\SYSTEM32\nimdnsResponder.dll
0x00007ffd09fc0000 - 0x00007ffd09fca000 	C:\Windows\System32\rasadhlp.dll
0x00007ffd0ad00000 - 0x00007ffd0ad77000 	C:\WINDOWS\System32\fwpuclnt.dll
0x00007ffd0e3f0000 - 0x00007ffd0e400000 	C:\Program Files\Java\jdk-14.0.1\bin\verify.dll
0x00007ffc98d70000 - 0x00007ffc99f5d000 	C:\Users\caleb\Documents\NetBeansProjects\Pathify\jniortools.dll
0x00007ffd08d10000 - 0x00007ffd08d1c000 	C:\WINDOWS\SYSTEM32\VCRUNTIME140_1.dll

dbghelp: loaded successfully - version: 4.0.5 - missing functions: none
symbol engine: initialized successfully - sym options: 0x614 - pdb path: .;C:\Program Files\Java\jdk-14.0.1\bin;C:\WINDOWS\SYSTEM32;C:\WINDOWS\WinSxS\amd64_microsoft.windows.common-controls_6595b64144ccf1df_6.0.18362.900_none_e6beb9d913147d17;C:\Program Files\Java\jdk-14.0.1\bin\server;C:\WINDOWS\WinSxS\amd64_microsoft.windows.common-controls_6595b64144ccf1df_5.82.18362.900_none_2a238898466d6da2;C:\WINDOWS\WinSxS\amd64_microsoft.windows.gdiplus_6595b64144ccf1df_1.1.18362.900_none_17a9acbe6da6f6e5;C:\Program Files\Bonjour;C:\Program Files\National Instruments\Shared\mDNS Responder;C:\Users\caleb\Documents\NetBeansProjects\Pathify

VM Arguments:
java_command: com.calebjkeller.pathify.App
java_class_path (initial): C:\Users\caleb\Documents\NetBeansProjects\Pathify\target\classes;C:\Users\caleb\.m2\repository\com\google\ortools\ortools-java\7.6\ortools-java-7.6.jar;C:\Users\caleb\.m2\repository\com\google\protobuf\protobuf-java\3.9.0\protobuf-java-3.9.0.jar;C:\Users\caleb\.m2\repository\com\google\zxing\javase\3.4.0\javase-3.4.0.jar;C:\Users\caleb\.m2\repository\com\google\zxing\core\3.4.0\core-3.4.0.jar;C:\Users\caleb\.m2\repository\com\beust\jcommander\1.72\jcommander-1.72.jar;C:\Users\caleb\.m2\repository\com\github\jai-imageio\jai-imageio-core\1.4.0\jai-imageio-core-1.4.0.jar;C:\Users\caleb\.m2\repository\com\googlecode\json-simple\json-simple\1.1.1\json-simple-1.1.1.jar;C:\Users\caleb\.m2\repository\junit\junit\4.10\junit-4.10.jar;C:\Users\caleb\.m2\repository\org\hamcrest\hamcrest-core\1.1\hamcrest-core-1.1.jar;C:\Users\caleb\.m2\repository\org\apache\commons\commons-text\1.8\commons-text-1.8.jar;C:\Users\caleb\.m2\repository\org\apache\commons\commons-lang3\3.9\commons-lang3-3.9.jar
Launcher Type: SUN_STANDARD

[Global flags]
     intx CICompilerCount                          = 4                                         {product} {ergonomic}
     uint ConcGCThreads                            = 2                                         {product} {ergonomic}
     uint G1ConcRefinementThreads                  = 8                                         {product} {ergonomic}
   size_t G1HeapRegionSize                         = 1048576                                   {product} {ergonomic}
    uintx GCDrainStackTargetSize                   = 64                                        {product} {ergonomic}
   size_t InitialHeapSize                          = 201326592                                 {product} {ergonomic}
   size_t MarkStackSize                            = 4194304                                   {product} {ergonomic}
   size_t MaxHeapSize                              = 3208642560                                {product} {ergonomic}
   size_t MaxNewSize                               = 1925185536                                {product} {ergonomic}
   size_t MinHeapDeltaBytes                        = 1048576                                   {product} {ergonomic}
   size_t MinHeapSize                              = 8388608                                   {product} {ergonomic}
    uintx NonNMethodCodeHeapSize                   = 5839372                                {pd product} {ergonomic}
    uintx NonProfiledCodeHeapSize                  = 122909434                              {pd product} {ergonomic}
    uintx ProfiledCodeHeapSize                     = 122909434                              {pd product} {ergonomic}
    uintx ReservedCodeCacheSize                    = 251658240                              {pd product} {ergonomic}
     bool SegmentedCodeCache                       = true                                      {product} {ergonomic}
   size_t SoftMaxHeapSize                          = 3208642560                             {manageable} {ergonomic}
     bool UseCompressedClassPointers               = true                                 {lp64_product} {ergonomic}
     bool UseCompressedOops                        = true                                 {lp64_product} {ergonomic}
     bool UseG1GC                                  = true                                      {product} {ergonomic}
     bool UseLargePagesIndividualAllocation        = false                                  {pd product} {ergonomic}

Logging:
Log output configuration:
 #0: stdout all=warning uptime,level,tags
 #1: stderr all=off uptime,level,tags

Environment Variables:
JAVA_HOME=C:\Program Files\Java\jdk-14.0.1
JRE_HOME=C:\Program Files (x86)\Java\jre1.8.0_251
PATH=C:\Program Files\Java\jdk-14.0.1\bin;C:\Program Files (x86)\Common Files\Oracle\Java\javapath;C:\Program Files\National Instruments\Shared\OpenVINO\;C:\WINDOWS\system32;C:\WINDOWS;C:\WINDOWS\System32\Wbem;C:\WINDOWS\System32\WindowsPowerShell\v1.0\;C:\WINDOWS\System32\OpenSSH\;C:\Program Files (x86)\IVI Foundation\VISA\WinNT\Bin\;C:\Program Files\IVI Foundation\VISA\Win64\Bin\;C:\Program Files (x86)\IVI Foundation\VISA\WinNT\Bin;C:\Program Files (x86)\National Instruments\Shared\LabVIEW CLI;C:\Program Files\PuTTY\;C:\Program Files\Maven\apache-maven-3.6.3\bin;C:\Program Files\Microsoft SQL Server\120\Tools\Binn\;C:\Users\caleb\AppData\Local\Programs\Python\Python38-32\Scripts\;C:\Users\caleb\AppData\Local\Programs\Python\Python38-32\;C:\Users\caleb\AppData\Local\Programs\Python\Launcher\;C:\Users\caleb\AppData\Local\Microsoft\WindowsApps;C:\Users\caleb\AppData\Local\Programs\Microsoft VS Code\bin;C:\Users\Public\wpilib\2020\frccode;C:\Users\Public\wpilib\2020\roborio\bin;C:\Users\caleb\AppData\Local\GitHubDesktop\bin;C:\Users\caleb\AppData\Local\Programs\Git\cmd
USERNAME=caleb
OS=Windows_NT
PROCESSOR_IDENTIFIER=Intel64 Family 6 Model 42 Stepping 7, GenuineIntel



---------------  S Y S T E M  ---------------

OS: Windows 10 , 64 bit Build 18362 (10.0.18362.900)
OS uptime: 7 days 22:27 hours

CPU:total 8 (initial active 8) (4 cores per cpu, 2 threads per core) family 6 model 42 stepping 7, cmov, cx8, fxsr, mmx, sse, sse2, sse3, ssse3, sse4.1, sse4.2, popcnt, avx, aes, clmul, ht, tsc, tscinvbit

Memory: 4k page, system-wide physical 12238M (2049M free)
TotalPageFile size 20942M (AvailPageFile size 7352M)
current process WorkingSet (physical memory assigned to process): 168M, peak: 199M
current process commit charge ("private bytes"): 369M, peak: 407M

vm_info: Java HotSpot(TM) 64-Bit Server VM (14.0.1+7) for windows-amd64 JRE (14.0.1+7), built on Mar  5 2020 10:30:14 by "mach5one" with MS VC++ 15.9 (VS2017)

END.
